2025/05/27 17:38:21 Attempting database connection to localhost:5432/crm as user core
2025/05/27 17:38:21 Opening database connection...
2025/05/27 17:38:21 Database connection pool configured
2025/05/27 17:38:21 Testing database connection...
2025/05/27 17:38:21 Successfully connected to the database
2025/05/27 17:38:21 Performing database health check...
2025/05/27 17:38:21 Database connection pool stats - Open: 1, In use: 0, Idle: 1
2025/05/27 17:38:21 Database health check completed successfully
2025/05/27 17:38:21 Initial database health check passed
2025/05/27 17:38:21 Running database migrations from /Users/kahrens/go/src/github.com/kenahrens/crm-demo/core-service/db/migrations
2025/05/27 17:38:21 Successfully ran database migrations
[GIN-debug] [WARNING] Creating an Engine instance with the Logger and Recovery middleware already attached.

[GIN-debug] [WARNING] Running in "debug" mode. Switch to "release" mode in production.
 - using env:	export GIN_MODE=release
 - using code:	gin.SetMode(gin.ReleaseMode)

[GIN-debug] GET    /v1/api/health            --> main.main.func2 (4 handlers)
[GIN-debug] POST   /v1/api/auth/login        --> github.com/kenahrens/crm-demo/core-service/pkg/handlers.(*UserHandler).Login-fm (4 handlers)
[GIN-debug] GET    /v1/api/users             --> github.com/kenahrens/crm-demo/core-service/pkg/handlers.(*UserHandler).GetAllUsers-fm (5 handlers)
[GIN-debug] POST   /v1/api/users             --> github.com/kenahrens/crm-demo/core-service/pkg/handlers.(*UserHandler).CreateUser-fm (5 handlers)
[GIN-debug] GET    /v1/api/users/:id         --> github.com/kenahrens/crm-demo/core-service/pkg/handlers.(*UserHandler).GetUserByID-fm (5 handlers)
[GIN-debug] GET    /v1/api/accounts          --> github.com/kenahrens/crm-demo/core-service/pkg/handlers.(*AccountHandler).GetAllAccounts-fm (5 handlers)
[GIN-debug] POST   /v1/api/accounts          --> github.com/kenahrens/crm-demo/core-service/pkg/handlers.(*AccountHandler).CreateAccount-fm (5 handlers)
[GIN-debug] GET    /v1/api/accounts/:id      --> github.com/kenahrens/crm-demo/core-service/pkg/handlers.(*AccountHandler).GetAccountByID-fm (5 handlers)
[GIN-debug] PUT    /v1/api/accounts/:id      --> github.com/kenahrens/crm-demo/core-service/pkg/handlers.(*AccountHandler).UpdateAccount-fm (5 handlers)
[GIN-debug] DELETE /v1/api/accounts/:id      --> github.com/kenahrens/crm-demo/core-service/pkg/handlers.(*AccountHandler).DeleteAccount-fm (5 handlers)
[GIN-debug] GET    /v1/api/contacts          --> github.com/kenahrens/crm-demo/core-service/pkg/handlers.(*ContactHandler).GetAllContacts-fm (5 handlers)
[GIN-debug] POST   /v1/api/contacts          --> github.com/kenahrens/crm-demo/core-service/pkg/handlers.(*ContactHandler).CreateContact-fm (5 handlers)
[GIN-debug] GET    /v1/api/contacts/:id      --> github.com/kenahrens/crm-demo/core-service/pkg/handlers.(*ContactHandler).GetContactByID-fm (5 handlers)
[GIN-debug] PUT    /v1/api/contacts/:id      --> github.com/kenahrens/crm-demo/core-service/pkg/handlers.(*ContactHandler).UpdateContact-fm (5 handlers)
[GIN-debug] DELETE /v1/api/contacts/:id      --> github.com/kenahrens/crm-demo/core-service/pkg/handlers.(*ContactHandler).DeleteContact-fm (5 handlers)
[GIN-debug] GET    /v1/api/contacts/account/:id --> github.com/kenahrens/crm-demo/core-service/pkg/handlers.(*ContactHandler).GetContactsByAccountID-fm (5 handlers)
[GIN-debug] GET    /v1/api/opportunities     --> github.com/kenahrens/crm-demo/core-service/pkg/handlers.(*OpportunityHandler).GetAllOpportunities-fm (5 handlers)
[GIN-debug] POST   /v1/api/opportunities     --> github.com/kenahrens/crm-demo/core-service/pkg/handlers.(*OpportunityHandler).CreateOpportunity-fm (5 handlers)
[GIN-debug] GET    /v1/api/opportunities/:id --> github.com/kenahrens/crm-demo/core-service/pkg/handlers.(*OpportunityHandler).GetOpportunityByID-fm (5 handlers)
[GIN-debug] PUT    /v1/api/opportunities/:id --> github.com/kenahrens/crm-demo/core-service/pkg/handlers.(*OpportunityHandler).UpdateOpportunity-fm (5 handlers)
[GIN-debug] DELETE /v1/api/opportunities/:id --> github.com/kenahrens/crm-demo/core-service/pkg/handlers.(*OpportunityHandler).DeleteOpportunity-fm (5 handlers)
[GIN-debug] GET    /v1/api/opportunities/account/:id --> github.com/kenahrens/crm-demo/core-service/pkg/handlers.(*OpportunityHandler).GetOpportunitiesByAccountID-fm (5 handlers)
[GIN-debug] GET    /v1/api/notes             --> github.com/kenahrens/crm-demo/core-service/pkg/handlers.(*NoteHandler).GetAllNotes-fm (5 handlers)
[GIN-debug] POST   /v1/api/notes             --> github.com/kenahrens/crm-demo/core-service/pkg/handlers.(*NoteHandler).CreateNote-fm (5 handlers)
[GIN-debug] GET    /v1/api/notes/:id         --> github.com/kenahrens/crm-demo/core-service/pkg/handlers.(*NoteHandler).GetNoteByID-fm (5 handlers)
[GIN-debug] PUT    /v1/api/notes/:id         --> github.com/kenahrens/crm-demo/core-service/pkg/handlers.(*NoteHandler).UpdateNote-fm (5 handlers)
[GIN-debug] DELETE /v1/api/notes/:id         --> github.com/kenahrens/crm-demo/core-service/pkg/handlers.(*NoteHandler).DeleteNote-fm (5 handlers)
[GIN-debug] GET    /v1/api/notes/record/:type/:id --> github.com/kenahrens/crm-demo/core-service/pkg/handlers.(*NoteHandler).GetNotesByRecordID-fm (5 handlers)
[GIN-debug] POST   /v1/api/notes/associations --> github.com/kenahrens/crm-demo/core-service/pkg/handlers.(*NoteHandler).AddNoteAssociation-fm (5 handlers)
[GIN-debug] DELETE /v1/api/notes/associations --> github.com/kenahrens/crm-demo/core-service/pkg/handlers.(*NoteHandler).RemoveNoteAssociation-fm (5 handlers)
2025/05/27 17:38:21 Starting server on port 8080
[GIN-debug] [WARNING] You trusted all proxies, this is NOT safe. We recommend you to set a value.
Please check https://pkg.go.dev/github.com/gin-gonic/gin#readme-don-t-trust-all-proxies for details.
[GIN-debug] Listening and serving HTTP on :8080
[GIN] 2025/05/27 - 17:38:25 | 401 |     677.958µs |       127.0.0.1 | GET      "/v1/api/accounts?limit=5&offset=0"
[GIN] 2025/05/27 - 17:38:25 | 200 |   94.662542ms |       127.0.0.1 | POST     "/v1/api/auth/login"
[GIN] 2025/05/27 - 17:38:25 | 200 |    1.866167ms |       127.0.0.1 | GET      "/v1/api/accounts?limit=5&offset=0"
[GIN] 2025/05/27 - 17:38:25 | 200 |    1.284625ms |       127.0.0.1 | GET      "/v1/api/accounts/61256f0e-c664-4a1b-8a10-8688848210a6"
[GIN] 2025/05/27 - 17:38:25 | 200 |    2.528542ms |       127.0.0.1 | GET      "/v1/api/notes/record/account/61256f0e-c664-4a1b-8a10-8688848210a6"
[GIN] 2025/05/27 - 17:38:25 | 200 |     228.708µs |       127.0.0.1 | GET      "/v1/api/contacts"
[GIN] 2025/05/27 - 17:38:25 | 200 |     858.667µs |       127.0.0.1 | GET      "/v1/api/opportunities"
[GIN] 2025/05/27 - 17:38:25 | 200 |     117.708µs |       127.0.0.1 | GET      "/v1/api/notes"
